2025-12-23 08:34:33,968 [INFO] Starting metrics server on 0.0.0.0:8000
2025-12-23 08:34:33,980 [INFO] Metrics server started on http://0.0.0.0:8000
2025-12-23 08:34:33,980 [INFO]   - Metrics: http://0.0.0.0:8000/metrics
2025-12-23 08:34:33,980 [INFO]   - Health:  http://0.0.0.0:8000/health
2025-12-23 08:34:33,980 [INFO] Metrics available at: http://0.0.0.0:8000/metrics
2025-12-23 08:34:33,980 [INFO] FileSink initialized: out.jsonl
2025-12-23 08:34:33,980 [INFO] Starting pipeline with 1 threads
2025-12-23 08:34:33,980 [INFO] Reading from CSV: test.csv
2025-12-23 08:34:33,980 [ERROR] Error in source_fetch: [Errno 2] No such file or directory: 'test.csv'
2025-12-23 08:34:33,980 [ERROR] Pipeline failed: [Errno 2] No such file or directory: 'test.csv'
2025-12-23 08:34:33,980 [ERROR] Pipeline failed: [Errno 2] No such file or directory: 'test.csv'
Traceback (most recent call last):
  File "/Users/kmcallorum/Projects/es-to-mysql-cli/pipeline_cli.py", line 209, in main
    stats = pipeline.run(query_params)
  File "/Users/kmcallorum/Projects/es-to-mysql-cli/pipeline.py", line 88, in run
    self._run_single_threaded(query_params)
    ~~~~~~~~~~~~~~~~~~~~~~~~~^^^^^^^^^^^^^^
  File "/Users/kmcallorum/Projects/es-to-mysql-cli/pipeline.py", line 153, in _run_single_threaded
    for record_id, content in self.source.fetch_records(query_params):
                              ~~~~~~~~~~~~~~~~~~~~~~~~~^^^^^^^^^^^^^^
  File "/Users/kmcallorum/Projects/es-to-mysql-cli/test_impl.py", line 41, in fetch_records
    with open(self.filepath, 'r', newline='', encoding='utf-8') as f:
         ~~~~^^^^^^^^^^^^^^^^^^^^^^^^^^^^^^^^^^^^^^^^^^^^^^^^^^
FileNotFoundError: [Errno 2] No such file or directory: 'test.csv'
2025-12-23 08:34:33,981 [INFO] Stopping metrics server...
2025-12-23 08:34:34,481 [INFO] Metrics server stopped
